<?xml version="1.0" encoding="UTF-8"?>
<!-- Generated by org.testng.reporters.JUnitXMLReporter -->
<testsuite hostname="DESKTOP-5VCRRUU" ignored="0" name="Test" tests="5" failures="0" timestamp="2019-02-12T17:53:46 EST" time="0.036" errors="0">
  <testcase name="IOSApp" time="0.005" classname="softwareTesting.AppiumTest"/>
  <testcase name="nativeAppAndriod" time="0.0" classname="softwareTesting.AppiumTest"/>
  <testcase name="deleteTwitter" time="0.0" classname="softwareTesting.RestApiTest"/>
  <testcase name="postJira" time="0.0" classname="softwareTesting.RestApiTest"/>
  <testcase name="browserAutomation" time="0.0" classname="softwareTesting.Seleniumtest"/>
</testsuite> <!-- Test -->
