<?xml version="1.0" encoding="UTF-8"?>
<testng-results skipped="0" failed="0" ignored="0" total="5" passed="5">
  <reporter-output>
  </reporter-output>
  <suite name="Suite" duration-ms="36" started-at="2019-02-12T17:53:46 EST" finished-at="2019-02-12T17:53:46 EST">
    <groups>
    </groups>
    <test name="Test" duration-ms="36" started-at="2019-02-12T17:53:46 EST" finished-at="2019-02-12T17:53:46 EST">
      <class name="softwareTesting.AppiumTest">
        <test-method status="PASS" signature="IOSApp()[pri:0, instance:softwareTesting.AppiumTest@51efea79]" name="IOSApp" duration-ms="5" started-at="2019-02-12T17:53:46 EST" finished-at="2019-02-12T17:53:46 EST">
          <reporter-output>
          </reporter-output>
        </test-method> <!-- IOSApp -->
        <test-method status="PASS" signature="nativeAppAndriod()[pri:0, instance:softwareTesting.AppiumTest@51efea79]" name="nativeAppAndriod" duration-ms="0" started-at="2019-02-12T17:53:46 EST" finished-at="2019-02-12T17:53:46 EST">
          <reporter-output>
          </reporter-output>
        </test-method> <!-- nativeAppAndriod -->
      </class> <!-- softwareTesting.AppiumTest -->
      <class name="softwareTesting.Seleniumtest">
        <test-method status="PASS" signature="browserAutomation()[pri:0, instance:softwareTesting.Seleniumtest@396a51ab]" name="browserAutomation" duration-ms="0" started-at="2019-02-12T17:53:46 EST" finished-at="2019-02-12T17:53:46 EST">
          <reporter-output>
          </reporter-output>
        </test-method> <!-- browserAutomation -->
      </class> <!-- softwareTesting.Seleniumtest -->
      <class name="softwareTesting.RestApiTest">
        <test-method status="PASS" signature="deleteTwitter()[pri:0, instance:softwareTesting.RestApiTest@5034c75a]" name="deleteTwitter" duration-ms="0" started-at="2019-02-12T17:53:46 EST" finished-at="2019-02-12T17:53:46 EST">
          <reporter-output>
          </reporter-output>
        </test-method> <!-- deleteTwitter -->
        <test-method status="PASS" signature="postJira()[pri:0, instance:softwareTesting.RestApiTest@5034c75a]" name="postJira" duration-ms="0" started-at="2019-02-12T17:53:46 EST" finished-at="2019-02-12T17:53:46 EST">
          <reporter-output>
          </reporter-output>
        </test-method> <!-- postJira -->
      </class> <!-- softwareTesting.RestApiTest -->
    </test> <!-- Test -->
  </suite> <!-- Suite -->
</testng-results>
